# JRE version: Java(TM) SE Runtime Environment (8.0_191-b12) (build 1.8.0_191-b12)
# Java VM: Java HotSpot(TM) 64-Bit Server VM (25.191-b12 mixed mode windows-amd64 compressed oops)
Heap:
 PSYoungGen      total 139776K, used 99384K [0x00000000f5580000, 0x0000000100000000, 0x0000000100000000)
  eden space 104960K, 76% used [0x00000000f5580000,0x00000000fa433300,0x00000000fbc00000)
  from space 34816K, 53% used [0x00000000fbc00000,0x00000000fce5ae90,0x00000000fde00000)
  to   space 34816K, 0% used [0x00000000fde00000,0x00000000fde00000,0x0000000100000000)
 ParOldGen       total 349696K, used 138331K [0x00000000e0000000, 0x00000000f5580000, 0x00000000f5580000)
  object space 349696K, 39% used [0x00000000e0000000,0x00000000e8716dd0,0x00000000f5580000)
 Metaspace       used 99868K, capacity 106744K, committed 108032K, reserved 1142784K
  class space    used 12957K, capacity 14336K, committed 14848K, reserved 1048576K
GC Heap History (10 events):
Event: 13976.912 GC heap before
{Heap before GC invocations=62 (full 4):
 PSYoungGen      total 137728K, used 126864K [0x00000000f5580000, 0x0000000100000000, 0x0000000100000000)
  eden space 104448K, 100% used [0x00000000f5580000,0x00000000fbb80000,0x00000000fbb80000)
  from space 33280K, 67% used [0x00000000fbb80000,0x00000000fd164030,0x00000000fdc00000)
  to   space 35328K, 0% used [0x00000000fdd80000,0x00000000fdd80000,0x0000000100000000)
 ParOldGen       total 349696K, used 314638K [0x00000000e0000000, 0x00000000f5580000, 0x00000000f5580000)
  object space 349696K, 89% used [0x00000000e0000000,0x00000000f3343850,0x00000000f5580000)
 Metaspace       used 96330K, capacity 103294K, committed 104576K, reserved 1138688K
  class space    used 12546K, capacity 13981K, committed 14464K, reserved 1048576K
Event: 13976.945 GC heap after
Heap after GC invocations=62 (full 4):
 PSYoungGen      total 139264K, used 11776K [0x00000000f5580000, 0x00000000ffe00000, 0x0000000100000000)
  eden space 105984K, 0% used [0x00000000f5580000,0x00000000f5580000,0x00000000fbd00000)
  from space 33280K, 35% used [0x00000000fdd80000,0x00000000fe900050,0x00000000ffe00000)
  to   space 33280K, 0% used [0x00000000fbd00000,0x00000000fbd00000,0x00000000fdd80000)
 ParOldGen       total 349696K, used 336494K [0x00000000e0000000, 0x00000000f5580000, 0x00000000f5580000)
  object space 349696K, 96% used [0x00000000e0000000,0x00000000f489b9e8,0x00000000f5580000)
 Metaspace       used 96330K, capacity 103294K, committed 104576K, reserved 1138688K
  class space    used 12546K, capacity 13981K, committed 14464K, reserved 1048576K
}
Event: 13976.945 GC heap before
{Heap before GC invocations=63 (full 5):
 PSYoungGen      total 139264K, used 11776K [0x00000000f5580000, 0x00000000ffe00000, 0x0000000100000000)
  eden space 105984K, 0% used [0x00000000f5580000,0x00000000f5580000,0x00000000fbd00000)
  from space 33280K, 35% used [0x00000000fdd80000,0x00000000fe900050,0x00000000ffe00000)
  to   space 33280K, 0% used [0x00000000fbd00000,0x00000000fbd00000,0x00000000fdd80000)
 ParOldGen       total 349696K, used 336494K [0x00000000e0000000, 0x00000000f5580000, 0x00000000f5580000)
  object space 349696K, 96% used [0x00000000e0000000,0x00000000f489b9e8,0x00000000f5580000)
 Metaspace       used 96330K, capacity 103294K, committed 104576K, reserved 1138688K
  class space    used 12546K, capacity 13981K, committed 14464K, reserved 1048576K
Event: 13986.211 GC heap after
Heap after GC invocations=63 (full 5):
 PSYoungGen      total 139264K, used 0K [0x00000000f5580000, 0x00000000ffe00000, 0x0000000100000000)
  eden space 105984K, 0% used [0x00000000f5580000,0x00000000f5580000,0x00000000fbd00000)
  from space 33280K, 0% used [0x00000000fdd80000,0x00000000fdd80000,0x00000000ffe00000)
  to   space 33280K, 0% used [0x00000000fbd00000,0x00000000fbd00000,0x00000000fdd80000)
 ParOldGen       total 349696K, used 115665K [0x00000000e0000000, 0x00000000f5580000, 0x00000000f5580000)
  object space 349696K, 33% used [0x00000000e0000000,0x00000000e70f44e8,0x00000000f5580000)
 Metaspace       used 95913K, capacity 102388K, committed 104576K, reserved 1138688K
  class space    used 12444K, capacity 13802K, committed 14464K, reserved 1048576K
}
Event: 15156.129 GC heap before
{Heap before GC invocations=64 (full 5):
 PSYoungGen      total 139264K, used 105984K [0x00000000f5580000, 0x00000000ffe00000, 0x0000000100000000)
  eden space 105984K, 100% used [0x00000000f5580000,0x00000000fbd00000,0x00000000fbd00000)
  from space 33280K, 0% used [0x00000000fdd80000,0x00000000fdd80000,0x00000000ffe00000)
  to   space 33280K, 0% used [0x00000000fbd00000,0x00000000fbd00000,0x00000000fdd80000)
 ParOldGen       total 349696K, used 115665K [0x00000000e0000000, 0x00000000f5580000, 0x00000000f5580000)
  object space 349696K, 33% used [0x00000000e0000000,0x00000000e70f44e8,0x00000000f5580000)
 Metaspace       used 95944K, capacity 102412K, committed 104576K, reserved 1138688K
  class space    used 12447K, capacity 13806K, committed 14464K, reserved 1048576K
Event: 15156.135 GC heap after
Heap after GC invocations=64 (full 5):
 PSYoungGen      total 139264K, used 2182K [0x00000000f5580000, 0x00000000fff00000, 0x0000000100000000)
  eden space 105984K, 0% used [0x00000000f5580000,0x00000000f5580000,0x00000000fbd00000)
  from space 33280K, 6% used [0x00000000fbd00000,0x00000000fbf21a48,0x00000000fdd80000)
  to   space 32768K, 0% used [0x00000000fdf00000,0x00000000fdf00000,0x00000000fff00000)
 ParOldGen       total 349696K, used 115673K [0x00000000e0000000, 0x00000000f5580000, 0x00000000f5580000)
  object space 349696K, 33% used [0x00000000e0000000,0x00000000e70f64e8,0x00000000f5580000)
 Metaspace       used 95944K, capacity 102412K, committed 104576K, reserved 1138688K
  class space    used 12447K, capacity 13806K, committed 14464K, reserved 1048576K
}
Event: 15620.654 GC heap before
{Heap before GC invocations=65 (full 5):
 PSYoungGen      total 139264K, used 108166K [0x00000000f5580000, 0x00000000fff00000, 0x0000000100000000)
  eden space 105984K, 100% used [0x00000000f5580000,0x00000000fbd00000,0x00000000fbd00000)
  from space 33280K, 6% used [0x00000000fbd00000,0x00000000fbf21a48,0x00000000fdd80000)
  to   space 32768K, 0% used [0x00000000fdf00000,0x00000000fdf00000,0x00000000fff00000)
 ParOldGen       total 349696K, used 115673K [0x00000000e0000000, 0x00000000f5580000, 0x00000000f5580000)
  object space 349696K, 33% used [0x00000000e0000000,0x00000000e70f64e8,0x00000000f5580000)
 Metaspace       used 97140K, capacity 104070K, committed 105344K, reserved 1140736K
  class space    used 12616K, capacity 14007K, committed 14464K, reserved 1048576K
Event: 15620.753 GC heap after
Heap after GC invocations=65 (full 5):
 PSYoungGen      total 137728K, used 21801K [0x00000000f5580000, 0x0000000100000000, 0x0000000100000000)
  eden space 104960K, 0% used [0x00000000f5580000,0x00000000f5580000,0x00000000fbc00000)
  from space 32768K, 66% used [0x00000000fdf00000,0x00000000ff44a550,0x00000000fff00000)
  to   space 34816K, 0% used [0x00000000fbc00000,0x00000000fbc00000,0x00000000fde00000)
 ParOldGen       total 349696K, used 117586K [0x00000000e0000000, 0x00000000f5580000, 0x00000000f5580000)
  object space 349696K, 33% used [0x00000000e0000000,0x00000000e72d49b8,0x00000000f5580000)
 Metaspace       used 97140K, capacity 104070K, committed 105344K, reserved 1140736K
  class space    used 12616K, capacity 14007K, committed 14464K, reserved 1048576K
}
Event: 15624.549 GC heap before
{Heap before GC invocations=66 (full 5):
 PSYoungGen      total 137728K, used 126761K [0x00000000f5580000, 0x0000000100000000, 0x0000000100000000)
  eden space 104960K, 100% used [0x00000000f5580000,0x00000000fbc00000,0x00000000fbc00000)
  from space 32768K, 66% used [0x00000000fdf00000,0x00000000ff44a550,0x00000000fff00000)
  to   space 34816K, 0% used [0x00000000fbc00000,0x00000000fbc00000,0x00000000fde00000)
 ParOldGen       total 349696K, used 117586K [0x00000000e0000000, 0x00000000f5580000, 0x00000000f5580000)
  object space 349696K, 33% used [0x00000000e0000000,0x00000000e72d49b8,0x00000000f5580000)
 Metaspace       used 99838K, capacity 106732K, committed 108032K, reserved 1142784K
  class space    used 12956K, capacity 14334K, committed 14848K, reserved 1048576K
Event: 15625.237 GC heap after
Heap after GC invocations=66 (full 5):
 PSYoungGen      total 139776K, used 18795K [0x00000000f5580000, 0x0000000100000000, 0x0000000100000000)
  eden space 104960K, 0% used [0x00000000f5580000,0x00000000f5580000,0x00000000fbc00000)
  from space 34816K, 53% used [0x00000000fbc00000,0x00000000fce5ae90,0x00000000fde00000)
  to   space 34816K, 0% used [0x00000000fde00000,0x00000000fde00000,0x0000000100000000)
 ParOldGen       total 349696K, used 138331K [0x00000000e0000000, 0x00000000f5580000, 0x00000000f5580000)
  object space 349696K, 39% used [0x00000000e0000000,0x00000000e8716dd0,0x00000000f5580000)
 Metaspace       used 99838K, capacity 106732K, committed 108032K, reserved 1142784K
  class space    used 12956K, capacity 14334K, committed 14848K, reserved 1048576K
}

